2026-05-05 05:03:09,145 INFO httpx: HTTP Request: GET https://images.squarespace-cdn.com/content/v1/5b4dbfd8da02bcfcf39bce03/1592383825472-YOXXJWKYEX1ZLGIVEOIW/StAlbansFish.jpg "HTTP/1.1 200 OK"
2026-05-05 05:03:15,072 INFO stravart.ocr: loading easyocr models (langs=('en',)) …
2026-05-05 05:03:38,517 INFO httpx: HTTP Request: GET https://nominatim.openstreetmap.org/search?q=Victoria+Street&format=json&limit=40&addressdetails=1&dedupe=0 "HTTP/1.1 200 OK"
2026-05-05 05:03:38,792 INFO httpx: HTTP Request: GET https://nominatim.openstreetmap.org/search?q=Jennings+Road&format=json&limit=40&addressdetails=1&dedupe=0 "HTTP/1.1 200 OK"
2026-05-05 05:03:39,966 INFO httpx: HTTP Request: GET https://nominatim.openstreetmap.org/search?q=N+Orbital+Road&format=json&limit=40&addressdetails=1&dedupe=0 "HTTP/1.1 200 OK"
2026-05-05 05:03:41,345 INFO httpx: HTTP Request: GET https://nominatim.openstreetmap.org/search?q=Chiswell+Green&format=json&limit=40&addressdetails=1&dedupe=0 "HTTP/1.1 200 OK"
2026-05-05 05:03:42,025 INFO httpx: HTTP Request: GET https://nominatim.openstreetmap.org/search?street=N+Orbital+Road&city=Melbourne&country=Australia&format=json&limit=40&addressdetails=1&dedupe=0 "HTTP/1.1 200 OK"
2026-05-05 05:03:43,102 INFO httpx: HTTP Request: GET https://nominatim.openstreetmap.org/search?street=Chiswell+Green&city=Melbourne&country=Australia&format=json&limit=40&addressdetails=1&dedupe=0 "HTTP/1.1 200 OK"
2026-05-05 05:03:44,414 INFO httpx: HTTP Request: GET https://nominatim.openstreetmap.org/search?street=Victoria+Street&city=St+Albans&country=United+Kingdom&format=json&limit=40&addressdetails=1&dedupe=0 "HTTP/1.1 200 OK"
2026-05-05 05:03:46,030 INFO httpx: HTTP Request: GET https://nominatim.openstreetmap.org/search?street=N+Orbital+Road&city=St+Albans&country=United+Kingdom&format=json&limit=40&addressdetails=1&dedupe=0 "HTTP/1.1 200 OK"
2026-05-05 05:03:46,886 INFO httpx: HTTP Request: GET https://nominatim.openstreetmap.org/search?street=Jennings+Road&city=Sydney&country=Australia&format=json&limit=40&addressdetails=1&dedupe=0 "HTTP/1.1 200 OK"
2026-05-05 05:03:47,545 INFO httpx: HTTP Request: GET https://nominatim.openstreetmap.org/search?street=N+Orbital+Road&city=Sydney&country=Australia&format=json&limit=40&addressdetails=1&dedupe=0 "HTTP/1.1 200 OK"
2026-05-05 05:03:48,642 INFO httpx: HTTP Request: GET https://nominatim.openstreetmap.org/search?street=Chiswell+Green&city=Sydney&country=Australia&format=json&limit=40&addressdetails=1&dedupe=0 "HTTP/1.1 200 OK"
2026-05-05 05:03:49,938 INFO httpx: HTTP Request: GET https://nominatim.openstreetmap.org/search?street=Victoria+Street&city=Wheaton&country=United+States&format=json&limit=40&addressdetails=1&dedupe=0 "HTTP/1.1 200 OK"
2026-05-05 05:03:50,949 INFO httpx: HTTP Request: GET https://nominatim.openstreetmap.org/search?street=N+Orbital+Road&city=Wheaton&country=United+States&format=json&limit=40&addressdetails=1&dedupe=0 "HTTP/1.1 200 OK"
2026-05-05 05:03:52,113 INFO httpx: HTTP Request: GET https://nominatim.openstreetmap.org/search?street=Chiswell+Green&city=Wheaton&country=United+States&format=json&limit=40&addressdetails=1&dedupe=0 "HTTP/1.1 200 OK"
2026-05-05 05:03:53,540 INFO httpx: HTTP Request: GET https://nominatim.openstreetmap.org/search?street=Victoria+Street&city=Greater+London&country=United+Kingdom&format=json&limit=40&addressdetails=1&dedupe=0 "HTTP/1.1 200 OK"
2026-05-05 05:03:54,188 INFO httpx: HTTP Request: GET https://nominatim.openstreetmap.org/search?street=N+Orbital+Road&city=Greater+London&country=United+Kingdom&format=json&limit=40&addressdetails=1&dedupe=0 "HTTP/1.1 200 OK"
2026-05-05 05:03:55,758 INFO httpx: HTTP Request: GET https://nominatim.openstreetmap.org/search?street=Chiswell+Green&city=Greater+London&country=United+Kingdom&format=json&limit=40&addressdetails=1&dedupe=0 "HTTP/1.1 200 OK"
2026-05-05 05:03:56,588 INFO httpx: HTTP Request: GET https://nominatim.openstreetmap.org/search?street=Victoria+Street&city=Cleveland&country=United+States&format=json&limit=40&addressdetails=1&dedupe=0 "HTTP/1.1 200 OK"
2026-05-05 05:03:57,935 INFO httpx: HTTP Request: GET https://nominatim.openstreetmap.org/search?street=N+Orbital+Road&city=Cleveland&country=United+States&format=json&limit=40&addressdetails=1&dedupe=0 "HTTP/1.1 200 OK"
2026-05-05 05:03:59,015 INFO httpx: HTTP Request: GET https://nominatim.openstreetmap.org/search?street=Chiswell+Green&city=Cleveland&country=United+States&format=json&limit=40&addressdetails=1&dedupe=0 "HTTP/1.1 200 OK"
2026-05-05 05:03:59,818 INFO httpx: HTTP Request: GET https://nominatim.openstreetmap.org/search?street=Victoria+Street&city=Hartford&country=United+States&format=json&limit=40&addressdetails=1&dedupe=0 "HTTP/1.1 200 OK"
2026-05-05 05:04:00,865 INFO httpx: HTTP Request: GET https://nominatim.openstreetmap.org/search?street=N+Orbital+Road&city=Hartford&country=United+States&format=json&limit=40&addressdetails=1&dedupe=0 "HTTP/1.1 200 OK"
2026-05-05 05:04:01,931 INFO httpx: HTTP Request: GET https://nominatim.openstreetmap.org/search?street=Chiswell+Green&city=Hartford&country=United+States&format=json&limit=40&addressdetails=1&dedupe=0 "HTTP/1.1 200 OK"
2026-05-05 05:04:03,643 INFO httpx: HTTP Request: GET https://nominatim.openstreetmap.org/search?street=Victoria+Street&city=Poole&country=United+Kingdom&format=json&limit=40&addressdetails=1&dedupe=0 "HTTP/1.1 200 OK"
2026-05-05 05:04:04,285 INFO httpx: HTTP Request: GET https://nominatim.openstreetmap.org/search?street=N+Orbital+Road&city=Poole&country=United+Kingdom&format=json&limit=40&addressdetails=1&dedupe=0 "HTTP/1.1 200 OK"
2026-05-05 05:04:05,674 INFO httpx: HTTP Request: GET https://nominatim.openstreetmap.org/search?street=Chiswell+Green&city=Poole&country=United+Kingdom&format=json&limit=40&addressdetails=1&dedupe=0 "HTTP/1.1 200 OK"
2026-05-05 05:04:06,930 INFO httpx: HTTP Request: GET https://nominatim.openstreetmap.org/search?street=Victoria+Street&city=Fairfield&country=United+States&format=json&limit=40&addressdetails=1&dedupe=0 "HTTP/1.1 200 OK"
2026-05-05 05:04:07,478 INFO httpx: HTTP Request: GET https://nominatim.openstreetmap.org/search?street=N+Orbital+Road&city=Fairfield&country=United+States&format=json&limit=40&addressdetails=1&dedupe=0 "HTTP/1.1 200 OK"
2026-05-05 05:04:08,568 INFO httpx: HTTP Request: GET https://nominatim.openstreetmap.org/search?street=Chiswell+Green&city=Fairfield&country=United+States&format=json&limit=40&addressdetails=1&dedupe=0 "HTTP/1.1 200 OK"
2026-05-05 05:04:09,758 INFO httpx: HTTP Request: GET https://nominatim.openstreetmap.org/search?street=Victoria+Street&city=Augusta&country=United+States&format=json&limit=40&addressdetails=1&dedupe=0 "HTTP/1.1 200 OK"
2026-05-05 05:04:11,323 INFO httpx: HTTP Request: GET https://nominatim.openstreetmap.org/search?street=N+Orbital+Road&city=Augusta&country=United+States&format=json&limit=40&addressdetails=1&dedupe=0 "HTTP/1.1 200 OK"
2026-05-05 05:04:11,913 INFO httpx: HTTP Request: GET https://nominatim.openstreetmap.org/search?street=Chiswell+Green&city=Augusta&country=United+States&format=json&limit=40&addressdetails=1&dedupe=0 "HTTP/1.1 200 OK"
2026-05-05 05:04:13,074 INFO httpx: HTTP Request: GET https://nominatim.openstreetmap.org/search?street=Victoria+Street&city=Everett&country=United+States&format=json&limit=40&addressdetails=1&dedupe=0 "HTTP/1.1 200 OK"
2026-05-05 05:04:14,129 INFO httpx: HTTP Request: GET https://nominatim.openstreetmap.org/search?street=N+Orbital+Road&city=Everett&country=United+States&format=json&limit=40&addressdetails=1&dedupe=0 "HTTP/1.1 200 OK"
2026-05-05 05:04:15,273 INFO httpx: HTTP Request: GET https://nominatim.openstreetmap.org/search?street=Chiswell+Green&city=Everett&country=United+States&format=json&limit=40&addressdetails=1&dedupe=0 "HTTP/1.1 200 OK"
2026-05-05 05:04:16,883 INFO httpx: HTTP Request: GET https://nominatim.openstreetmap.org/search?street=Victoria+Street&city=Independence&country=United+States&format=json&limit=40&addressdetails=1&dedupe=0 "HTTP/1.1 200 OK"
2026-05-05 05:04:17,430 INFO httpx: HTTP Request: GET https://nominatim.openstreetmap.org/search?street=N+Orbital+Road&city=Independence&country=United+States&format=json&limit=40&addressdetails=1&dedupe=0 "HTTP/1.1 200 OK"
2026-05-05 05:04:18,537 INFO httpx: HTTP Request: GET https://nominatim.openstreetmap.org/search?street=Chiswell+Green&city=Independence&country=United+States&format=json&limit=40&addressdetails=1&dedupe=0 "HTTP/1.1 200 OK"
2026-05-05 05:04:20,086 INFO httpx: HTTP Request: GET https://nominatim.openstreetmap.org/search?street=Victoria+Street&city=High+Wycombe&country=Australia&format=json&limit=40&addressdetails=1&dedupe=0 "HTTP/1.1 200 OK"
2026-05-05 05:04:20,813 INFO httpx: HTTP Request: GET https://nominatim.openstreetmap.org/search?street=N+Orbital+Road&city=High+Wycombe&country=Australia&format=json&limit=40&addressdetails=1&dedupe=0 "HTTP/1.1 200 OK"
2026-05-05 05:04:21,950 INFO httpx: HTTP Request: GET https://nominatim.openstreetmap.org/search?street=Chiswell+Green&city=High+Wycombe&country=Australia&format=json&limit=40&addressdetails=1&dedupe=0 "HTTP/1.1 200 OK"
2026-05-05 05:04:23,414 INFO httpx: HTTP Request: GET https://nominatim.openstreetmap.org/search?street=Victoria+Street&city=Battle+Creek&country=United+States&format=json&limit=40&addressdetails=1&dedupe=0 "HTTP/1.1 200 OK"
2026-05-05 05:04:24,182 INFO httpx: HTTP Request: GET https://nominatim.openstreetmap.org/search?street=N+Orbital+Road&city=Battle+Creek&country=United+States&format=json&limit=40&addressdetails=1&dedupe=0 "HTTP/1.1 200 OK"
2026-05-05 05:04:25,759 INFO httpx: HTTP Request: GET https://nominatim.openstreetmap.org/search?street=Chiswell+Green&city=Battle+Creek&country=United+States&format=json&limit=40&addressdetails=1&dedupe=0 "HTTP/1.1 200 OK"
2026-05-05 05:04:26,406 INFO httpx: HTTP Request: GET https://nominatim.openstreetmap.org/search?street=Victoria+Street&city=Jacksonville&country=United+States&format=json&limit=40&addressdetails=1&dedupe=0 "HTTP/1.1 200 OK"
2026-05-05 05:04:27,398 INFO httpx: HTTP Request: GET https://nominatim.openstreetmap.org/search?street=N+Orbital+Road&city=Jacksonville&country=United+States&format=json&limit=40&addressdetails=1&dedupe=0 "HTTP/1.1 200 OK"
2026-05-05 05:04:28,506 INFO httpx: HTTP Request: GET https://nominatim.openstreetmap.org/search?street=Chiswell+Green&city=Jacksonville&country=United+States&format=json&limit=40&addressdetails=1&dedupe=0 "HTTP/1.1 200 OK"
2026-05-05 05:04:29,722 INFO httpx: HTTP Request: GET https://nominatim.openstreetmap.org/search?street=Victoria+Street&city=Three+Rivers&country=United+Kingdom&format=json&limit=40&addressdetails=1&dedupe=0 "HTTP/1.1 200 OK"
2026-05-05 05:04:30,743 INFO httpx: HTTP Request: GET https://nominatim.openstreetmap.org/search?street=Jennings+Road&city=Three+Rivers&country=United+Kingdom&format=json&limit=40&addressdetails=1&dedupe=0 "HTTP/1.1 200 OK"
2026-05-05 05:04:32,245 INFO httpx: HTTP Request: GET https://nominatim.openstreetmap.org/search?street=Chiswell+Green&city=Three+Rivers&country=United+Kingdom&format=json&limit=40&addressdetails=1&dedupe=0 "HTTP/1.1 200 OK"
2026-05-05 05:04:32,968 INFO httpx: HTTP Request: GET https://nominatim.openstreetmap.org/search?street=Victoria+Street&city=Watford&country=United+Kingdom&format=json&limit=40&addressdetails=1&dedupe=0 "HTTP/1.1 200 OK"
2026-05-05 05:04:34,565 INFO httpx: HTTP Request: GET https://nominatim.openstreetmap.org/search?street=Jennings+Road&city=Watford&country=United+Kingdom&format=json&limit=40&addressdetails=1&dedupe=0 "HTTP/1.1 200 OK"
2026-05-05 05:04:35,144 INFO httpx: HTTP Request: GET https://nominatim.openstreetmap.org/search?street=Chiswell+Green&city=Watford&country=United+Kingdom&format=json&limit=40&addressdetails=1&dedupe=0 "HTTP/1.1 200 OK"
2026-05-05 05:04:36,297 INFO httpx: HTTP Request: GET https://nominatim.openstreetmap.org/search?street=Victoria+Street&city=Denham&country=United+Kingdom&format=json&limit=40&addressdetails=1&dedupe=0 "HTTP/1.1 200 OK"
2026-05-05 05:04:37,371 INFO httpx: HTTP Request: GET https://nominatim.openstreetmap.org/search?street=Jennings+Road&city=Denham&country=United+Kingdom&format=json&limit=40&addressdetails=1&dedupe=0 "HTTP/1.1 200 OK"
2026-05-05 05:04:38,462 INFO httpx: HTTP Request: GET https://nominatim.openstreetmap.org/search?street=Chiswell+Green&city=Denham&country=United+Kingdom&format=json&limit=40&addressdetails=1&dedupe=0 "HTTP/1.1 200 OK"
2026-05-05 05:04:38,651 INFO httpx: HTTP Request: GET https://images.squarespace-cdn.com/content/v1/5b4dbfd8da02bcfcf39bce03/1592383825472-YOXXJWKYEX1ZLGIVEOIW/StAlbansFish.jpg "HTTP/1.1 200 OK"
